<?xml version="1.0" encoding="UTF-8"?>
<!-- Generated by org.testng.reporters.JUnitReportReporter -->
<testsuite skipped="0" hostname="bindu-PC" name="demoproject.bank.testClass" tests="1" failures="0" timestamp="16 Mar 2019 07:31:04 GMT" time="0.025" errors="0">
  <testcase name="testMethod" time="0.025" classname="demoproject.bank.testClass"/>
</testsuite> <!-- demoproject.bank.testClass -->
