<?xml version="1.0" encoding="UTF-8"?>
<!-- Generated by org.testng.reporters.JUnitReportReporter -->
<testsuite skipped="0" hostname="bindu-PC" name="testCases.TC_LoginTestDDT_4" tests="1" failures="0" timestamp="29 Mar 2019 12:29:17 GMT" time="109.364" errors="0">
  <testcase name="loginDDT" time="109.364" classname="testCases.TC_LoginTestDDT_4"/>
</testsuite> <!-- testCases.TC_LoginTestDDT_4 -->
