<?xml version="1.0" encoding="UTF-8"?>
<!-- Generated by org.testng.reporters.JUnitReportReporter -->
<testsuite skipped="1" hostname="bindu-PC" name="testCases.TC_LoginTestDDT_002" tests="1" failures="0" timestamp="27 Mar 2019 17:12:51 GMT" time="0.000" errors="0">
  <testcase name="loginDDT" time="0.000" classname="testCases.TC_LoginTestDDT_002">
    <skipped/>
  </testcase> <!-- loginDDT -->
</testsuite> <!-- testCases.TC_LoginTestDDT_002 -->
