<?xml version="1.0" encoding="UTF-8"?>
<!-- Generated by org.testng.reporters.JUnitReportReporter -->
<testsuite skipped="0" hostname="bindu-PC" name="testCases.TC_AddCustomerTest_003" tests="1" failures="0" timestamp="29 Mar 2019 14:28:08 GMT" time="28.112" errors="0">
  <testcase name="addNewCustomer" time="28.112" classname="testCases.TC_AddCustomerTest_003"/>
</testsuite> <!-- testCases.TC_AddCustomerTest_003 -->
